<?xml version="1.0" encoding="UTF-8"?>
<!-- Generated by org.testng.reporters.JUnitReportReporter -->
<testsuite hostname="Abhijits-MacBook-Air.local" failures="0" tests="1" name="testCases.CreateLeadTest" time="28.050" errors="0" timestamp="2025-03-31T21:35:34 IST" skipped="0">
  <testcase classname="testCases.CreateLeadTest" name="CreateLead" time="28.050"/>
</testsuite> <!-- testCases.CreateLeadTest -->
