<?xml version="1.0" encoding="UTF-8"?>
<!-- Generated by org.testng.reporters.JUnitReportReporter -->
<testsuite hostname="Abhijits-MacBook-Air.local" failures="0" tests="1" name="testCases.CreateOpportunityTest" time="25.091" errors="0" timestamp="2025-03-31T20:14:43 IST" skipped="0">
  <testcase classname="testCases.CreateOpportunityTest" name="CreateOpportunity" time="25.091"/>
</testsuite> <!-- testCases.CreateOpportunityTest -->
