<?xml version="1.0" encoding="UTF-8"?>
<!-- Generated by org.testng.reporters.JUnitReportReporter -->
<testsuite hostname="Abhijits-MacBook-Air.local" failures="0" tests="1" name="testCases.CreateVendorTest" time="21.862" errors="0" timestamp="2025-04-01T14:50:30 IST" skipped="0">
  <testcase classname="testCases.CreateVendorTest" name="CreateVendor" time="21.862"/>
</testsuite> <!-- testCases.CreateVendorTest -->
