<?xml version="1.0" encoding="UTF-8"?>
<!-- Generated by org.testng.reporters.JUnitReportReporter -->
<testsuite hostname="Abhijits-MacBook-Air.local" failures="0" tests="1" name="testCases.CreateVendorTest" time="17.204" errors="0" timestamp="2025-03-31T19:01:42 IST" skipped="0">
  <testcase classname="testCases.CreateVendorTest" name="CreateVendor" time="17.204"/>
</testsuite> <!-- testCases.CreateVendorTest -->
