<?xml version="1.0" encoding="UTF-8"?>
<!-- Generated by org.testng.reporters.JUnitReportReporter -->
<testsuite hostname="Abhijits-MacBook-Air.local" failures="0" tests="1" name="testCases.CreateOpportunityTest" time="27.003" errors="0" timestamp="2025-04-01T14:50:30 IST" skipped="0">
  <testcase classname="testCases.CreateOpportunityTest" name="CreateOpportunity" time="27.003"/>
</testsuite> <!-- testCases.CreateOpportunityTest -->
